<?xml version="1.0" encoding="UTF-8"?><testsuite errors="1" failures="0" name="Register" skipped="0" tests="2" time="154.52" timestamp="2023-09-26 04:21:21"><testcase name="Succesful register"><error message="no such window: target window already closed&#10;from unknown error: web view not found&#10;  (Session info: chrome=117.0.5938.92)&#10;Build info: version: '3.141.59', revision: 'e82be7d358', time: '2018-11-14T08:17:03'&#10;System info: host: 'DESKTOP-U8IT9KJ', ip: '192.168.17.1', os.name: 'Windows 10', os.arch: 'amd64', os.version: '10.0', java.version: '11.0.0.1'&#10;Driver info: org.openqa.selenium.chrome.ChromeDriver&#10;Capabilities {acceptInsecureCerts: false, browserName: chrome, browserVersion: 117.0.5938.92, chrome: {chromedriverVersion: 117.0.5938.92 (67649b10b92b..., userDataDir: C:\Users\Sena\AppData\Local...}, fedcm:accounts: true, goog:chromeOptions: {debuggerAddress: localhost:57078}, javascriptEnabled: true, networkConnectionEnabled: false, pageLoadStrategy: normal, platform: WINDOWS, platformName: WINDOWS, proxy: Proxy(), setWindowRect: true, strictFileInteractability: false, timeouts: {implicit: 0, pageLoad: 300000, script: 30000}, unhandledPromptBehavior: dismiss and notify, webauthn:extension:credBlob: true, webauthn:extension:largeBlob: true, webauthn:extension:minPinLength: true, webauthn:extension:prf: true, webauthn:virtualAuthenticators: true}&#10;Session ID: 52170e99f0b3ae2e85ebf3ac9cdcb489&#10;*** Element info: {Using=xpath, value=//span[contains(text(),'Continuar con e-mail')]}" type="org.openqa.selenium.NoSuchWindowException">no such window: target window already closed
from unknown error: web view not found
  (Session info: chrome=117.0.5938.92)
Build info: version: '3.141.59', revision: 'e82be7d358', time: '2018-11-14T08:17:03'
System info: host: 'DESKTOP-U8IT9KJ', ip: '192.168.17.1', os.name: 'Windows 10', os.arch: 'amd64', os.version: '10.0', java.version: '11.0.0.1'
Driver info: org.openqa.selenium.chrome.ChromeDriver
Capabilities {acceptInsecureCerts: false, browserName: chrome, browserVersion: 117.0.5938.92, chrome: {chromedriverVersion: 117.0.5938.92 (67649b10b92b..., userDataDir: C:\Users\Sena\AppData\Local...}, fedcm:accounts: true, goog:chromeOptions: {debuggerAddress: localhost:57078}, javascriptEnabled: true, networkConnectionEnabled: false, pageLoadStrategy: normal, platform: WINDOWS, platformName: WINDOWS, proxy: Proxy(), setWindowRect: true, strictFileInteractability: false, timeouts: {implicit: 0, pageLoad: 300000, script: 30000}, unhandledPromptBehavior: dismiss and notify, webauthn:extension:credBlob: true, webauthn:extension:largeBlob: true, webauthn:extension:minPinLength: true, webauthn:extension:prf: true, webauthn:virtualAuthenticators: true}
Session ID: 52170e99f0b3ae2e85ebf3ac9cdcb489
*** Element info: {Using=xpath, value=//span[contains(text(),'Continuar con e-mail')]}</error><system-err>no such window: target window already closed
from unknown error: web view not found
  (Session info: chrome=117.0.5938.92)
Build info: version: '3.141.59', revision: 'e82be7d358', time: '2018-11-14T08:17:03'
System info: host: 'DESKTOP-U8IT9KJ', ip: '192.168.17.1', os.name: 'Windows 10', os.arch: 'amd64', os.version: '10.0', java.version: '11.0.0.1'
Driver info: org.openqa.selenium.chrome.ChromeDriver
Capabilities {acceptInsecureCerts: false, browserName: chrome, browserVersion: 117.0.5938.92, chrome: {chromedriverVersion: 117.0.5938.92 (67649b10b92b..., userDataDir: C:\Users\Sena\AppData\Local...}, fedcm:accounts: true, goog:chromeOptions: {debuggerAddress: localhost:57078}, javascriptEnabled: true, networkConnectionEnabled: false, pageLoadStrategy: normal, platform: WINDOWS, platformName: WINDOWS, proxy: Proxy(), setWindowRect: true, strictFileInteractability: false, timeouts: {implicit: 0, pageLoad: 300000, script: 30000}, unhandledPromptBehavior: dismiss and notify, webauthn:extension:credBlob: true, webauthn:extension:largeBlob: true, webauthn:extension:minPinLength: true, webauthn:extension:prf: true, webauthn:virtualAuthenticators: true}
Session ID: 52170e99f0b3ae2e85ebf3ac9cdcb489
*** Element info: {Using=xpath, value=//span[contains(text(),'Continuar con e-mail')]}&#13;
com.co.senasoft.tasks.Register.performAs(Register.java:29)&#13;
com.co.senasoft.stepsdefinitions.RegisterStepDefinition.heUserEnterHisData(RegisterStepDefinition.java:47)&#13;
cucumber.runner.Runner.runPickle(Runner.java:80)&#13;
</system-err></testcase></testsuite>